<?xml version="1.0" encoding="UTF-8"?>
<!-- Generated by org.testng.reporters.JUnitXMLReporter -->
<testsuite hostname="LAPTOP-E1GESAJV" ignored="2" name="Test" tests="2" failures="0" timestamp="14 Jun 2022 09:20:52 GMT" time="0.026" errors="0">
  <testcase name="bike" time="0.0" classname="AdvanceSelenium.praticeClass"/>
  <testcase name="food" time="0.003" classname="AdvanceSelenium.praticeClass"/>
  <testcase name="colors" time="0.0" classname="AdvanceSelenium.praticeClass">
    <ignored/>
  </testcase> <!-- colors -->
  <testcase name="sports" time="0.0" classname="AdvanceSelenium.praticeClass">
    <ignored/>
  </testcase> <!-- sports -->
</testsuite> <!-- Test -->
