<?xml version="1.0" encoding="UTF-8"?>
<testng-results skipped="0" failed="0" ignored="2" total="4" passed="2">
  <reporter-output>
  </reporter-output>
  <suite name="Suite" duration-ms="26" started-at="2022-06-14T09:20:52Z" finished-at="2022-06-14T09:20:52Z">
    <groups>
      <group name="smoke">
        <method signature="praticeClass.bike()[pri:0, instance:AdvanceSelenium.praticeClass@7f9a81e8]" name="bike" class="AdvanceSelenium.praticeClass"/>
        <method signature="praticeClass.food()[pri:0, instance:AdvanceSelenium.praticeClass@7f9a81e8]" name="food" class="AdvanceSelenium.praticeClass"/>
      </group> <!-- smoke -->
    </groups>
    <test name="Test" duration-ms="26" started-at="2022-06-14T09:20:52Z" finished-at="2022-06-14T09:20:52Z">
      <class name="AdvanceSelenium.praticeClass">
        <test-method status="PASS" signature="bike()[pri:0, instance:AdvanceSelenium.praticeClass@7f9a81e8]" name="bike" duration-ms="0" started-at="2022-06-14T14:50:52Z" finished-at="2022-06-14T14:50:52Z">
          <reporter-output>
          </reporter-output>
        </test-method> <!-- bike -->
        <test-method status="PASS" signature="food()[pri:0, instance:AdvanceSelenium.praticeClass@7f9a81e8]" name="food" duration-ms="3" started-at="2022-06-14T14:50:52Z" finished-at="2022-06-14T14:50:52Z">
          <reporter-output>
          </reporter-output>
        </test-method> <!-- food -->
      </class> <!-- AdvanceSelenium.praticeClass -->
    </test> <!-- Test -->
  </suite> <!-- Suite -->
</testng-results>
